# JRE version: Java(TM) SE Runtime Environment (8.0_181-b13) (build 1.8.0_181-b13)
# Java VM: Java HotSpot(TM) 64-Bit Server VM (25.181-b13 mixed mode windows-amd64 compressed oops)
Heap:
 PSYoungGen      total 237056K, used 85420K [0x00000000d5a00000, 0x00000000ec600000, 0x0000000100000000)
  eden space 222720K, 38% used [0x00000000d5a00000,0x00000000dad6b098,0x00000000e3380000)
  from space 14336K, 0% used [0x00000000e6900000,0x00000000e6900000,0x00000000e7700000)
  to   space 54784K, 0% used [0x00000000e3380000,0x00000000e3380000,0x00000000e6900000)
 ParOldGen       total 188416K, used 107488K [0x0000000080e00000, 0x000000008c600000, 0x00000000d5a00000)
  object space 188416K, 57% used [0x0000000080e00000,0x00000000876f81c8,0x000000008c600000)
 Metaspace       used 9364K, capacity 9584K, committed 9728K, reserved 1058816K
  class space    used 1173K, capacity 1248K, committed 1280K, reserved 1048576K
GC Heap History (10 events):
Event: 8.647 GC heap before
{Heap before GC invocations=5 (full 0):
 PSYoungGen      total 71680K, used 71680K [0x00000000d5a00000, 0x00000000da500000, 0x0000000100000000)
  eden space 66560K, 100% used [0x00000000d5a00000,0x00000000d9b00000,0x00000000d9b00000)
  from space 5120K, 100% used [0x00000000da000000,0x00000000da500000,0x00000000da500000)
  to   space 5120K, 0% used [0x00000000d9b00000,0x00000000d9b00000,0x00000000da000000)
 ParOldGen       total 87552K, used 39629K [0x0000000080e00000, 0x0000000086380000, 0x00000000d5a00000)
  object space 87552K, 45% used [0x0000000080e00000,0x00000000834b3698,0x0000000086380000)
 Metaspace       used 6879K, capacity 7166K, committed 7424K, reserved 1056768K
  class space    used 835K, capacity 917K, committed 1024K, reserved 1048576K
Event: 8.653 GC heap after
Heap after GC invocations=5 (full 0):
 PSYoungGen      total 71680K, used 5104K [0x00000000d5a00000, 0x00000000dee00000, 0x0000000100000000)
  eden space 66560K, 0% used [0x00000000d5a00000,0x00000000d5a00000,0x00000000d9b00000)
  from space 5120K, 99% used [0x00000000d9b00000,0x00000000d9ffc010,0x00000000da000000)
  to   space 9216K, 0% used [0x00000000de500000,0x00000000de500000,0x00000000dee00000)
 ParOldGen       total 87552K, used 42245K [0x0000000080e00000, 0x0000000086380000, 0x00000000d5a00000)
  object space 87552K, 48% used [0x0000000080e00000,0x0000000083741698,0x0000000086380000)
 Metaspace       used 6879K, capacity 7166K, committed 7424K, reserved 1056768K
  class space    used 835K, capacity 917K, committed 1024K, reserved 1048576K
}
Event: 8.690 GC heap before
{Heap before GC invocations=6 (full 0):
 PSYoungGen      total 71680K, used 71664K [0x00000000d5a00000, 0x00000000dee00000, 0x0000000100000000)
  eden space 66560K, 100% used [0x00000000d5a00000,0x00000000d9b00000,0x00000000d9b00000)
  from space 5120K, 99% used [0x00000000d9b00000,0x00000000d9ffc010,0x00000000da000000)
  to   space 9216K, 0% used [0x00000000de500000,0x00000000de500000,0x00000000dee00000)
 ParOldGen       total 87552K, used 42245K [0x0000000080e00000, 0x0000000086380000, 0x00000000d5a00000)
  object space 87552K, 48% used [0x0000000080e00000,0x0000000083741698,0x0000000086380000)
 Metaspace       used 6893K, capacity 7166K, committed 7424K, reserved 1056768K
  class space    used 835K, capacity 917K, committed 1024K, reserved 1048576K
Event: 8.696 GC heap after
Heap after GC invocations=6 (full 0):
 PSYoungGen      total 140800K, used 8944K [0x00000000d5a00000, 0x00000000df100000, 0x0000000100000000)
  eden space 131584K, 0% used [0x00000000d5a00000,0x00000000d5a00000,0x00000000dda80000)
  from space 9216K, 97% used [0x00000000de500000,0x00000000dedbc010,0x00000000dee00000)
  to   space 10752K, 0% used [0x00000000dda80000,0x00000000dda80000,0x00000000de500000)
 ParOldGen       total 87552K, used 42253K [0x0000000080e00000, 0x0000000086380000, 0x00000000d5a00000)
  object space 87552K, 48% used [0x0000000080e00000,0x0000000083743698,0x0000000086380000)
 Metaspace       used 6893K, capacity 7166K, committed 7424K, reserved 1056768K
  class space    used 835K, capacity 917K, committed 1024K, reserved 1048576K
}
Event: 8.927 GC heap before
{Heap before GC invocations=7 (full 0):
 PSYoungGen      total 140800K, used 132071K [0x00000000d5a00000, 0x00000000df100000, 0x0000000100000000)
  eden space 131584K, 93% used [0x00000000d5a00000,0x00000000dd23dc50,0x00000000dda80000)
  from space 9216K, 97% used [0x00000000de500000,0x00000000dedbc010,0x00000000dee00000)
  to   space 10752K, 0% used [0x00000000dda80000,0x00000000dda80000,0x00000000de500000)
 ParOldGen       total 87552K, used 42253K [0x0000000080e00000, 0x0000000086380000, 0x00000000d5a00000)
  object space 87552K, 48% used [0x0000000080e00000,0x0000000083743698,0x0000000086380000)
 Metaspace       used 7327K, capacity 7572K, committed 7680K, reserved 1056768K
  class space    used 889K, capacity 984K, committed 1024K, reserved 1048576K
Event: 8.936 GC heap after
Heap after GC invocations=7 (full 0):
 PSYoungGen      total 142336K, used 10752K [0x00000000d5a00000, 0x00000000e7700000, 0x0000000100000000)
  eden space 131584K, 0% used [0x00000000d5a00000,0x00000000d5a00000,0x00000000dda80000)
  from space 10752K, 100% used [0x00000000dda80000,0x00000000de500000,0x00000000de500000)
  to   space 14336K, 0% used [0x00000000e6900000,0x00000000e6900000,0x00000000e7700000)
 ParOldGen       total 87552K, used 45504K [0x0000000080e00000, 0x0000000086380000, 0x00000000d5a00000)
  object space 87552K, 51% used [0x0000000080e00000,0x0000000083a70128,0x0000000086380000)
 Metaspace       used 7327K, capacity 7572K, committed 7680K, reserved 1056768K
  class space    used 889K, capacity 984K, committed 1024K, reserved 1048576K
}
Event: 14.511 GC heap before
{Heap before GC invocations=8 (full 0):
 PSYoungGen      total 142336K, used 142336K [0x00000000d5a00000, 0x00000000e7700000, 0x0000000100000000)
  eden space 131584K, 100% used [0x00000000d5a00000,0x00000000dda80000,0x00000000dda80000)
  from space 10752K, 100% used [0x00000000dda80000,0x00000000de500000,0x00000000de500000)
  to   space 14336K, 0% used [0x00000000e6900000,0x00000000e6900000,0x00000000e7700000)
 ParOldGen       total 87552K, used 45504K [0x0000000080e00000, 0x0000000086380000, 0x00000000d5a00000)
  object space 87552K, 51% used [0x0000000080e00000,0x0000000083a70128,0x0000000086380000)
 Metaspace       used 9352K, capacity 9592K, committed 9728K, reserved 1058816K
  class space    used 1174K, capacity 1250K, committed 1280K, reserved 1048576K
Event: 14.547 GC heap after
Heap after GC invocations=8 (full 0):
 PSYoungGen      total 237056K, used 14336K [0x00000000d5a00000, 0x00000000ec600000, 0x0000000100000000)
  eden space 222720K, 0% used [0x00000000d5a00000,0x00000000d5a00000,0x00000000e3380000)
  from space 14336K, 100% used [0x00000000e6900000,0x00000000e7700000,0x00000000e7700000)
  to   space 54784K, 0% used [0x00000000e3380000,0x00000000e3380000,0x00000000e6900000)
 ParOldGen       total 133120K, used 133048K [0x0000000080e00000, 0x0000000089000000, 0x00000000d5a00000)
  object space 133120K, 99% used [0x0000000080e00000,0x0000000088fee238,0x0000000089000000)
 Metaspace       used 9352K, capacity 9592K, committed 9728K, reserved 1058816K
  class space    used 1174K, capacity 1250K, committed 1280K, reserved 1048576K
}
Event: 14.547 GC heap before
{Heap before GC invocations=9 (full 1):
 PSYoungGen      total 237056K, used 14336K [0x00000000d5a00000, 0x00000000ec600000, 0x0000000100000000)
  eden space 222720K, 0% used [0x00000000d5a00000,0x00000000d5a00000,0x00000000e3380000)
  from space 14336K, 100% used [0x00000000e6900000,0x00000000e7700000,0x00000000e7700000)
  to   space 54784K, 0% used [0x00000000e3380000,0x00000000e3380000,0x00000000e6900000)
 ParOldGen       total 133120K, used 133048K [0x0000000080e00000, 0x0000000089000000, 0x00000000d5a00000)
  object space 133120K, 99% used [0x0000000080e00000,0x0000000088fee238,0x0000000089000000)
 Metaspace       used 9352K, capacity 9592K, committed 9728K, reserved 1058816K
  class space    used 1174K, capacity 1250K, committed 1280K, reserved 1048576K
Event: 14.588 GC heap after
Heap after GC invocations=9 (full 1):
 PSYoungGen      total 237056K, used 0K [0x00000000d5a00000, 0x00000000ec600000, 0x0000000100000000)
  eden space 222720K, 0% used [0x00000000d5a00000,0x00000000d5a00000,0x00000000e3380000)
  from space 14336K, 0% used [0x00000000e6900000,0x00000000e6900000,0x00000000e7700000)
  to   space 54784K, 0% used [0x00000000e3380000,0x00000000e3380000,0x00000000e6900000)
 ParOldGen       total 188416K, used 107488K [0x0000000080e00000, 0x000000008c600000, 0x00000000d5a00000)
  object space 188416K, 57% used [0x0000000080e00000,0x00000000876f81c8,0x000000008c600000)
 Metaspace       used 9348K, capacity 9580K, committed 9728K, reserved 1058816K
  class space    used 1173K, capacity 1248K, committed 1280K, reserved 1048576K
}

