# JRE version: Java(TM) SE Runtime Environment (8.0_181-b13) (build 1.8.0_181-b13)
# Java VM: Java HotSpot(TM) 64-Bit Server VM (25.181-b13 mixed mode windows-amd64 compressed oops)
Heap:
 PSYoungGen      total 403456K, used 9244K [0x00000000d5a00000, 0x00000000fe400000, 0x0000000100000000)
  eden space 391168K, 2% used [0x00000000d5a00000,0x00000000d6307048,0x00000000ed800000)
  from space 12288K, 0% used [0x00000000ed800000,0x00000000ed800000,0x00000000ee400000)
  to   space 32768K, 0% used [0x00000000fc400000,0x00000000fc400000,0x00000000fe400000)
 ParOldGen       total 361984K, used 231644K [0x0000000080e00000, 0x0000000096f80000, 0x00000000d5a00000)
  object space 361984K, 63% used [0x0000000080e00000,0x000000008f037170,0x0000000096f80000)
 Metaspace       used 9601K, capacity 9926K, committed 9984K, reserved 1058816K
  class space    used 1189K, capacity 1265K, committed 1280K, reserved 1048576K
GC Heap History (10 events):
Event: 18.096 GC heap before
{Heap before GC invocations=10 (full 1):
 PSYoungGen      total 257024K, used 255866K [0x00000000d5a00000, 0x00000000e6b00000, 0x0000000100000000)
  eden space 253952K, 100% used [0x00000000d5a00000,0x00000000e5200000,0x00000000e5200000)
  from space 3072K, 62% used [0x00000000e6800000,0x00000000e69debf0,0x00000000e6b00000)
  to   space 12800K, 0% used [0x00000000e5200000,0x00000000e5200000,0x00000000e5e80000)
 ParOldGen       total 180736K, used 96364K [0x0000000080e00000, 0x000000008be80000, 0x00000000d5a00000)
  object space 180736K, 53% used [0x0000000080e00000,0x0000000086c1b170,0x000000008be80000)
 Metaspace       used 9495K, capacity 9778K, committed 9984K, reserved 1058816K
  class space    used 1183K, capacity 1263K, committed 1280K, reserved 1048576K
Event: 18.120 GC heap after
Heap after GC invocations=10 (full 1):
 PSYoungGen      total 266752K, used 5208K [0x00000000d5a00000, 0x00000000ef000000, 0x0000000100000000)
  eden space 253952K, 0% used [0x00000000d5a00000,0x00000000d5a00000,0x00000000e5200000)
  from space 12800K, 40% used [0x00000000e5200000,0x00000000e57161b0,0x00000000e5e80000)
  to   space 12288K, 0% used [0x00000000ee400000,0x00000000ee400000,0x00000000ef000000)
 ParOldGen       total 218624K, used 208538K [0x0000000080e00000, 0x000000008e380000, 0x00000000d5a00000)
  object space 218624K, 95% used [0x0000000080e00000,0x000000008d9a6a28,0x000000008e380000)
 Metaspace       used 9495K, capacity 9778K, committed 9984K, reserved 1058816K
  class space    used 1183K, capacity 1263K, committed 1280K, reserved 1048576K
}
Event: 18.120 GC heap before
{Heap before GC invocations=11 (full 2):
 PSYoungGen      total 266752K, used 5208K [0x00000000d5a00000, 0x00000000ef000000, 0x0000000100000000)
  eden space 253952K, 0% used [0x00000000d5a00000,0x00000000d5a00000,0x00000000e5200000)
  from space 12800K, 40% used [0x00000000e5200000,0x00000000e57161b0,0x00000000e5e80000)
  to   space 12288K, 0% used [0x00000000ee400000,0x00000000ee400000,0x00000000ef000000)
 ParOldGen       total 218624K, used 208538K [0x0000000080e00000, 0x000000008e380000, 0x00000000d5a00000)
  object space 218624K, 95% used [0x0000000080e00000,0x000000008d9a6a28,0x000000008e380000)
 Metaspace       used 9495K, capacity 9778K, committed 9984K, reserved 1058816K
  class space    used 1183K, capacity 1263K, committed 1280K, reserved 1048576K
Event: 18.142 GC heap after
Heap after GC invocations=11 (full 2):
 PSYoungGen      total 266752K, used 0K [0x00000000d5a00000, 0x00000000ef000000, 0x0000000100000000)
  eden space 253952K, 0% used [0x00000000d5a00000,0x00000000d5a00000,0x00000000e5200000)
  from space 12800K, 0% used [0x00000000e5200000,0x00000000e5200000,0x00000000e5e80000)
  to   space 12288K, 0% used [0x00000000ee400000,0x00000000ee400000,0x00000000ef000000)
 ParOldGen       total 299008K, used 176236K [0x0000000080e00000, 0x0000000093200000, 0x00000000d5a00000)
  object space 299008K, 58% used [0x0000000080e00000,0x000000008ba1b320,0x0000000093200000)
 Metaspace       used 9495K, capacity 9778K, committed 9984K, reserved 1058816K
  class space    used 1183K, capacity 1263K, committed 1280K, reserved 1048576K
}
Event: 29.657 GC heap before
{Heap before GC invocations=12 (full 2):
 PSYoungGen      total 266752K, used 253952K [0x00000000d5a00000, 0x00000000ef000000, 0x0000000100000000)
  eden space 253952K, 100% used [0x00000000d5a00000,0x00000000e5200000,0x00000000e5200000)
  from space 12800K, 0% used [0x00000000e5200000,0x00000000e5200000,0x00000000e5e80000)
  to   space 12288K, 0% used [0x00000000ee400000,0x00000000ee400000,0x00000000ef000000)
 ParOldGen       total 299008K, used 176236K [0x0000000080e00000, 0x0000000093200000, 0x00000000d5a00000)
  object space 299008K, 58% used [0x0000000080e00000,0x000000008ba1b320,0x0000000093200000)
 Metaspace       used 9536K, capacity 9778K, committed 9984K, reserved 1058816K
  class space    used 1183K, capacity 1263K, committed 1280K, reserved 1048576K
Event: 29.665 GC heap after
Heap after GC invocations=12 (full 2):
 PSYoungGen      total 403456K, used 7782K [0x00000000d5a00000, 0x00000000ef200000, 0x0000000100000000)
  eden space 391168K, 0% used [0x00000000d5a00000,0x00000000d5a00000,0x00000000ed800000)
  from space 12288K, 63% used [0x00000000ee400000,0x00000000eeb99a00,0x00000000ef000000)
  to   space 12288K, 0% used [0x00000000ed800000,0x00000000ed800000,0x00000000ee400000)
 ParOldGen       total 299008K, used 176244K [0x0000000080e00000, 0x0000000093200000, 0x00000000d5a00000)
  object space 299008K, 58% used [0x0000000080e00000,0x000000008ba1d320,0x0000000093200000)
 Metaspace       used 9536K, capacity 9778K, committed 9984K, reserved 1058816K
  class space    used 1183K, capacity 1263K, committed 1280K, reserved 1048576K
}
Event: 33.824 GC heap before
{Heap before GC invocations=13 (full 2):
 PSYoungGen      total 403456K, used 398950K [0x00000000d5a00000, 0x00000000ef200000, 0x0000000100000000)
  eden space 391168K, 100% used [0x00000000d5a00000,0x00000000ed800000,0x00000000ed800000)
  from space 12288K, 63% used [0x00000000ee400000,0x00000000eeb99a00,0x00000000ef000000)
  to   space 12288K, 0% used [0x00000000ed800000,0x00000000ed800000,0x00000000ee400000)
 ParOldGen       total 299008K, used 176244K [0x0000000080e00000, 0x0000000093200000, 0x00000000d5a00000)
  object space 299008K, 58% used [0x0000000080e00000,0x000000008ba1d320,0x0000000093200000)
 Metaspace       used 9599K, capacity 9926K, committed 9984K, reserved 1058816K
  class space    used 1189K, capacity 1265K, committed 1280K, reserved 1048576K
Event: 33.848 GC heap after
Heap after GC invocations=13 (full 2):
 PSYoungGen      total 403456K, used 12256K [0x00000000d5a00000, 0x00000000fe400000, 0x0000000100000000)
  eden space 391168K, 0% used [0x00000000d5a00000,0x00000000d5a00000,0x00000000ed800000)
  from space 12288K, 99% used [0x00000000ed800000,0x00000000ee3f82f0,0x00000000ee400000)
  to   space 32768K, 0% used [0x00000000fc400000,0x00000000fc400000,0x00000000fe400000)
 ParOldGen       total 299008K, used 227784K [0x0000000080e00000, 0x0000000093200000, 0x00000000d5a00000)
  object space 299008K, 76% used [0x0000000080e00000,0x000000008ec723b8,0x0000000093200000)
 Metaspace       used 9599K, capacity 9926K, committed 9984K, reserved 1058816K
  class space    used 1189K, capacity 1265K, committed 1280K, reserved 1048576K
}
Event: 33.848 GC heap before
{Heap before GC invocations=14 (full 3):
 PSYoungGen      total 403456K, used 12256K [0x00000000d5a00000, 0x00000000fe400000, 0x0000000100000000)
  eden space 391168K, 0% used [0x00000000d5a00000,0x00000000d5a00000,0x00000000ed800000)
  from space 12288K, 99% used [0x00000000ed800000,0x00000000ee3f82f0,0x00000000ee400000)
  to   space 32768K, 0% used [0x00000000fc400000,0x00000000fc400000,0x00000000fe400000)
 ParOldGen       total 299008K, used 227784K [0x0000000080e00000, 0x0000000093200000, 0x00000000d5a00000)
  object space 299008K, 76% used [0x0000000080e00000,0x000000008ec723b8,0x0000000093200000)
 Metaspace       used 9599K, capacity 9926K, committed 9984K, reserved 1058816K
  class space    used 1189K, capacity 1265K, committed 1280K, reserved 1048576K
Event: 33.950 GC heap after
Heap after GC invocations=14 (full 3):
 PSYoungGen      total 403456K, used 0K [0x00000000d5a00000, 0x00000000fe400000, 0x0000000100000000)
  eden space 391168K, 0% used [0x00000000d5a00000,0x00000000d5a00000,0x00000000ed800000)
  from space 12288K, 0% used [0x00000000ed800000,0x00000000ed800000,0x00000000ee400000)
  to   space 32768K, 0% used [0x00000000fc400000,0x00000000fc400000,0x00000000fe400000)
 ParOldGen       total 361984K, used 231644K [0x0000000080e00000, 0x0000000096f80000, 0x00000000d5a00000)
  object space 361984K, 63% used [0x0000000080e00000,0x000000008f037170,0x0000000096f80000)
 Metaspace       used 9599K, capacity 9926K, committed 9984K, reserved 1058816K
  class space    used 1189K, capacity 1265K, committed 1280K, reserved 1048576K
}

