# JRE version: Java(TM) SE Runtime Environment (8.0_181-b13) (build 1.8.0_181-b13)
# Java VM: Java HotSpot(TM) 64-Bit Server VM (25.181-b13 mixed mode windows-amd64 compressed oops)
Heap:
 PSYoungGen      total 628736K, used 371149K [0x00000000d5a00000, 0x0000000100000000, 0x0000000100000000)
  eden space 616448K, 59% used [0x00000000d5a00000,0x00000000ebd51b60,0x00000000fb400000)
  from space 12288K, 59% used [0x00000000fb400000,0x00000000fbb21ae0,0x00000000fc000000)
  to   space 12288K, 0% used [0x00000000ff400000,0x00000000ff400000,0x0000000100000000)
 ParOldGen       total 283648K, used 173323K [0x0000000080e00000, 0x0000000092300000, 0x00000000d5a00000)
  object space 283648K, 61% used [0x0000000080e00000,0x000000008b742f60,0x0000000092300000)
 Metaspace       used 9656K, capacity 9898K, committed 9984K, reserved 1058816K
  class space    used 1180K, capacity 1261K, committed 1280K, reserved 1048576K
GC Heap History (10 events):
Event: 19.490 GC heap before
{Heap before GC invocations=11 (full 2):
 PSYoungGen      total 269312K, used 4230K [0x00000000d5a00000, 0x00000000efa00000, 0x0000000100000000)
  eden space 256512K, 0% used [0x00000000d5a00000,0x00000000d5a00000,0x00000000e5480000)
  from space 12800K, 33% used [0x00000000e5480000,0x00000000e58a1918,0x00000000e6100000)
  to   space 12800K, 0% used [0x00000000eed80000,0x00000000eed80000,0x00000000efa00000)
 ParOldGen       total 214016K, used 196386K [0x0000000080e00000, 0x000000008df00000, 0x00000000d5a00000)
  object space 214016K, 91% used [0x0000000080e00000,0x000000008cdc8848,0x000000008df00000)
 Metaspace       used 9505K, capacity 9754K, committed 9984K, reserved 1058816K
  class space    used 1174K, capacity 1257K, committed 1280K, reserved 1048576K
Event: 19.511 GC heap after
Heap after GC invocations=11 (full 2):
 PSYoungGen      total 269312K, used 0K [0x00000000d5a00000, 0x00000000efa00000, 0x0000000100000000)
  eden space 256512K, 0% used [0x00000000d5a00000,0x00000000d5a00000,0x00000000e5480000)
  from space 12800K, 0% used [0x00000000e5480000,0x00000000e5480000,0x00000000e6100000)
  to   space 12800K, 0% used [0x00000000eed80000,0x00000000eed80000,0x00000000efa00000)
 ParOldGen       total 283648K, used 166925K [0x0000000080e00000, 0x0000000092300000, 0x00000000d5a00000)
  object space 283648K, 58% used [0x0000000080e00000,0x000000008b103758,0x0000000092300000)
 Metaspace       used 9505K, capacity 9754K, committed 9984K, reserved 1058816K
  class space    used 1174K, capacity 1257K, committed 1280K, reserved 1048576K
}
Event: 21.665 GC heap before
{Heap before GC invocations=12 (full 2):
 PSYoungGen      total 269312K, used 256512K [0x00000000d5a00000, 0x00000000efa00000, 0x0000000100000000)
  eden space 256512K, 100% used [0x00000000d5a00000,0x00000000e5480000,0x00000000e5480000)
  from space 12800K, 0% used [0x00000000e5480000,0x00000000e5480000,0x00000000e6100000)
  to   space 12800K, 0% used [0x00000000eed80000,0x00000000eed80000,0x00000000efa00000)
 ParOldGen       total 283648K, used 166925K [0x0000000080e00000, 0x0000000092300000, 0x00000000d5a00000)
  object space 283648K, 58% used [0x0000000080e00000,0x000000008b103758,0x0000000092300000)
 Metaspace       used 9606K, capacity 9882K, committed 9984K, reserved 1058816K
  class space    used 1174K, capacity 1257K, committed 1280K, reserved 1048576K
Event: 21.670 GC heap after
Heap after GC invocations=12 (full 2):
 PSYoungGen      total 413184K, used 2736K [0x00000000d5a00000, 0x00000000efa80000, 0x0000000100000000)
  eden space 400384K, 0% used [0x00000000d5a00000,0x00000000d5a00000,0x00000000ee100000)
  from space 12800K, 21% used [0x00000000eed80000,0x00000000ef02c028,0x00000000efa00000)
  to   space 12800K, 0% used [0x00000000ee100000,0x00000000ee100000,0x00000000eed80000)
 ParOldGen       total 283648K, used 166933K [0x0000000080e00000, 0x0000000092300000, 0x00000000d5a00000)
  object space 283648K, 58% used [0x0000000080e00000,0x000000008b105758,0x0000000092300000)
 Metaspace       used 9606K, capacity 9882K, committed 9984K, reserved 1058816K
  class space    used 1174K, capacity 1257K, committed 1280K, reserved 1048576K
}
Event: 25.046 GC heap before
{Heap before GC invocations=13 (full 2):
 PSYoungGen      total 413184K, used 403120K [0x00000000d5a00000, 0x00000000efa80000, 0x0000000100000000)
  eden space 400384K, 100% used [0x00000000d5a00000,0x00000000ee100000,0x00000000ee100000)
  from space 12800K, 21% used [0x00000000eed80000,0x00000000ef02c028,0x00000000efa00000)
  to   space 12800K, 0% used [0x00000000ee100000,0x00000000ee100000,0x00000000eed80000)
 ParOldGen       total 283648K, used 166933K [0x0000000080e00000, 0x0000000092300000, 0x00000000d5a00000)
  object space 283648K, 58% used [0x0000000080e00000,0x000000008b105758,0x0000000092300000)
 Metaspace       used 9612K, capacity 9882K, committed 9984K, reserved 1058816K
  class space    used 1175K, capacity 1257K, committed 1280K, reserved 1048576K
Event: 25.058 GC heap after
Heap after GC invocations=13 (full 2):
 PSYoungGen      total 413184K, used 7610K [0x00000000d5a00000, 0x00000000fd200000, 0x0000000100000000)
  eden space 400384K, 0% used [0x00000000d5a00000,0x00000000d5a00000,0x00000000ee100000)
  from space 12800K, 59% used [0x00000000ee100000,0x00000000ee86ebf0,0x00000000eed80000)
  to   space 12800K, 0% used [0x00000000fc580000,0x00000000fc580000,0x00000000fd200000)
 ParOldGen       total 283648K, used 168357K [0x0000000080e00000, 0x0000000092300000, 0x00000000d5a00000)
  object space 283648K, 59% used [0x0000000080e00000,0x000000008b269780,0x0000000092300000)
 Metaspace       used 9612K, capacity 9882K, committed 9984K, reserved 1058816K
  class space    used 1175K, capacity 1257K, committed 1280K, reserved 1048576K
}
Event: 28.807 GC heap before
{Heap before GC invocations=14 (full 2):
 PSYoungGen      total 413184K, used 407994K [0x00000000d5a00000, 0x00000000fd200000, 0x0000000100000000)
  eden space 400384K, 100% used [0x00000000d5a00000,0x00000000ee100000,0x00000000ee100000)
  from space 12800K, 59% used [0x00000000ee100000,0x00000000ee86ebf0,0x00000000eed80000)
  to   space 12800K, 0% used [0x00000000fc580000,0x00000000fc580000,0x00000000fd200000)
 ParOldGen       total 283648K, used 168357K [0x0000000080e00000, 0x0000000092300000, 0x00000000d5a00000)
  object space 283648K, 59% used [0x0000000080e00000,0x000000008b269780,0x0000000092300000)
 Metaspace       used 9618K, capacity 9882K, committed 9984K, reserved 1058816K
  class space    used 1175K, capacity 1257K, committed 1280K, reserved 1048576K
Event: 28.816 GC heap after
Heap after GC invocations=14 (full 2):
 PSYoungGen      total 623104K, used 4921K [0x00000000d5a00000, 0x00000000fcc00000, 0x0000000100000000)
  eden space 616448K, 0% used [0x00000000d5a00000,0x00000000d5a00000,0x00000000fb400000)
  from space 6656K, 73% used [0x00000000fc580000,0x00000000fca4e540,0x00000000fcc00000)
  to   space 12288K, 0% used [0x00000000fb400000,0x00000000fb400000,0x00000000fc000000)
 ParOldGen       total 283648K, used 171248K [0x0000000080e00000, 0x0000000092300000, 0x00000000d5a00000)
  object space 283648K, 60% used [0x0000000080e00000,0x000000008b53c370,0x0000000092300000)
 Metaspace       used 9618K, capacity 9882K, committed 9984K, reserved 1058816K
  class space    used 1175K, capacity 1257K, committed 1280K, reserved 1048576K
}
Event: 36.003 GC heap before
{Heap before GC invocations=15 (full 2):
 PSYoungGen      total 623104K, used 621369K [0x00000000d5a00000, 0x00000000fcc00000, 0x0000000100000000)
  eden space 616448K, 100% used [0x00000000d5a00000,0x00000000fb400000,0x00000000fb400000)
  from space 6656K, 73% used [0x00000000fc580000,0x00000000fca4e540,0x00000000fcc00000)
  to   space 12288K, 0% used [0x00000000fb400000,0x00000000fb400000,0x00000000fc000000)
 ParOldGen       total 283648K, used 171248K [0x0000000080e00000, 0x0000000092300000, 0x00000000d5a00000)
  object space 283648K, 60% used [0x0000000080e00000,0x000000008b53c370,0x0000000092300000)
 Metaspace       used 9652K, capacity 9898K, committed 9984K, reserved 1058816K
  class space    used 1180K, capacity 1261K, committed 1280K, reserved 1048576K
Event: 36.015 GC heap after
Heap after GC invocations=15 (full 2):
 PSYoungGen      total 628736K, used 7302K [0x00000000d5a00000, 0x0000000100000000, 0x0000000100000000)
  eden space 616448K, 0% used [0x00000000d5a00000,0x00000000d5a00000,0x00000000fb400000)
  from space 12288K, 59% used [0x00000000fb400000,0x00000000fbb21ae0,0x00000000fc000000)
  to   space 12288K, 0% used [0x00000000ff400000,0x00000000ff400000,0x0000000100000000)
 ParOldGen       total 283648K, used 173323K [0x0000000080e00000, 0x0000000092300000, 0x00000000d5a00000)
  object space 283648K, 61% used [0x0000000080e00000,0x000000008b742f60,0x0000000092300000)
 Metaspace       used 9652K, capacity 9898K, committed 9984K, reserved 1058816K
  class space    used 1180K, capacity 1261K, committed 1280K, reserved 1048576K
}

