# JRE version: Java(TM) SE Runtime Environment (8.0_144-b01) (build 1.8.0_144-b01)
# Java VM: Java HotSpot(TM) 64-Bit Server VM (25.144-b01 mixed mode windows-amd64 compressed oops)
Heap:
 PSYoungGen      total 141312K, used 65893K [0x00000000d6000000, 0x00000000df600000, 0x0000000100000000)
  eden space 130560K, 43% used [0x00000000d6000000,0x00000000d97cd488,0x00000000ddf80000)
  from space 10752K, 81% used [0x00000000dea80000,0x00000000df30c010,0x00000000df500000)
  to   space 11264K, 0% used [0x00000000ddf80000,0x00000000ddf80000,0x00000000dea80000)
 ParOldGen       total 86016K, used 44069K [0x0000000082000000, 0x0000000087400000, 0x00000000d6000000)
  object space 86016K, 51% used [0x0000000082000000,0x0000000084b096c8,0x0000000087400000)
 Metaspace       used 6699K, capacity 6972K, committed 7168K, reserved 1056768K
  class space    used 814K, capacity 916K, committed 1024K, reserved 1048576K
GC Heap History (10 events):
Event: 3.777 GC heap before
{Heap before GC invocations=2 (full 0):
 PSYoungGen      total 37888K, used 35536K [0x00000000d6000000, 0x00000000d8a00000, 0x0000000100000000)
  eden space 32768K, 100% used [0x00000000d6000000,0x00000000d8000000,0x00000000d8000000)
  from space 5120K, 54% used [0x00000000d8000000,0x00000000d82b4010,0x00000000d8500000)
  to   space 5120K, 0% used [0x00000000d8500000,0x00000000d8500000,0x00000000d8a00000)
 ParOldGen       total 86016K, used 37685K [0x0000000082000000, 0x0000000087400000, 0x00000000d6000000)
  object space 86016K, 43% used [0x0000000082000000,0x00000000844cd698,0x0000000087400000)
 Metaspace       used 6607K, capacity 6904K, committed 7168K, reserved 1056768K
  class space    used 813K, capacity 916K, committed 1024K, reserved 1048576K
Event: 3.780 GC heap after
Heap after GC invocations=2 (full 0):
 PSYoungGen      total 37888K, used 4128K [0x00000000d6000000, 0x00000000daa00000, 0x0000000100000000)
  eden space 32768K, 0% used [0x00000000d6000000,0x00000000d6000000,0x00000000d8000000)
  from space 5120K, 80% used [0x00000000d8500000,0x00000000d8908020,0x00000000d8a00000)
  to   space 5120K, 0% used [0x00000000d8000000,0x00000000d8000000,0x00000000d8500000)
 ParOldGen       total 86016K, used 37693K [0x0000000082000000, 0x0000000087400000, 0x00000000d6000000)
  object space 86016K, 43% used [0x0000000082000000,0x00000000844cf698,0x0000000087400000)
 Metaspace       used 6607K, capacity 6904K, committed 7168K, reserved 1056768K
  class space    used 813K, capacity 916K, committed 1024K, reserved 1048576K
}
Event: 3.811 GC heap before
{Heap before GC invocations=3 (full 0):
 PSYoungGen      total 37888K, used 36896K [0x00000000d6000000, 0x00000000daa00000, 0x0000000100000000)
  eden space 32768K, 100% used [0x00000000d6000000,0x00000000d8000000,0x00000000d8000000)
  from space 5120K, 80% used [0x00000000d8500000,0x00000000d8908020,0x00000000d8a00000)
  to   space 5120K, 0% used [0x00000000d8000000,0x00000000d8000000,0x00000000d8500000)
 ParOldGen       total 86016K, used 37693K [0x0000000082000000, 0x0000000087400000, 0x00000000d6000000)
  object space 86016K, 43% used [0x0000000082000000,0x00000000844cf698,0x0000000087400000)
 Metaspace       used 6619K, capacity 6904K, committed 7168K, reserved 1056768K
  class space    used 813K, capacity 916K, committed 1024K, reserved 1048576K
Event: 3.817 GC heap after
Heap after GC invocations=3 (full 0):
 PSYoungGen      total 37888K, used 5120K [0x00000000d6000000, 0x00000000daa00000, 0x0000000100000000)
  eden space 32768K, 0% used [0x00000000d6000000,0x00000000d6000000,0x00000000d8000000)
  from space 5120K, 100% used [0x00000000d8000000,0x00000000d8500000,0x00000000d8500000)
  to   space 5120K, 0% used [0x00000000da500000,0x00000000da500000,0x00000000daa00000)
 ParOldGen       total 86016K, used 38261K [0x0000000082000000, 0x0000000087400000, 0x00000000d6000000)
  object space 86016K, 44% used [0x0000000082000000,0x000000008455d6b8,0x0000000087400000)
 Metaspace       used 6619K, capacity 6904K, committed 7168K, reserved 1056768K
  class space    used 813K, capacity 916K, committed 1024K, reserved 1048576K
}
Event: 3.845 GC heap before
{Heap before GC invocations=4 (full 0):
 PSYoungGen      total 37888K, used 37888K [0x00000000d6000000, 0x00000000daa00000, 0x0000000100000000)
  eden space 32768K, 100% used [0x00000000d6000000,0x00000000d8000000,0x00000000d8000000)
  from space 5120K, 100% used [0x00000000d8000000,0x00000000d8500000,0x00000000d8500000)
  to   space 5120K, 0% used [0x00000000da500000,0x00000000da500000,0x00000000daa00000)
 ParOldGen       total 86016K, used 38261K [0x0000000082000000, 0x0000000087400000, 0x00000000d6000000)
  object space 86016K, 44% used [0x0000000082000000,0x000000008455d6b8,0x0000000087400000)
 Metaspace       used 6630K, capacity 6904K, committed 7168K, reserved 1056768K
  class space    used 813K, capacity 916K, committed 1024K, reserved 1048576K
Event: 3.850 GC heap after
Heap after GC invocations=4 (full 0):
 PSYoungGen      total 70656K, used 5104K [0x00000000d6000000, 0x00000000daa00000, 0x0000000100000000)
  eden space 65536K, 0% used [0x00000000d6000000,0x00000000d6000000,0x00000000da000000)
  from space 5120K, 99% used [0x00000000da500000,0x00000000da9fc010,0x00000000daa00000)
  to   space 5120K, 0% used [0x00000000da000000,0x00000000da000000,0x00000000da500000)
 ParOldGen       total 86016K, used 40045K [0x0000000082000000, 0x0000000087400000, 0x00000000d6000000)
  object space 86016K, 46% used [0x0000000082000000,0x000000008471b6b8,0x0000000087400000)
 Metaspace       used 6630K, capacity 6904K, committed 7168K, reserved 1056768K
  class space    used 813K, capacity 916K, committed 1024K, reserved 1048576K
}
Event: 3.912 GC heap before
{Heap before GC invocations=5 (full 0):
 PSYoungGen      total 70656K, used 70640K [0x00000000d6000000, 0x00000000daa00000, 0x0000000100000000)
  eden space 65536K, 100% used [0x00000000d6000000,0x00000000da000000,0x00000000da000000)
  from space 5120K, 99% used [0x00000000da500000,0x00000000da9fc010,0x00000000daa00000)
  to   space 5120K, 0% used [0x00000000da000000,0x00000000da000000,0x00000000da500000)
 ParOldGen       total 86016K, used 40045K [0x0000000082000000, 0x0000000087400000, 0x00000000d6000000)
  object space 86016K, 46% used [0x0000000082000000,0x000000008471b6b8,0x0000000087400000)
 Metaspace       used 6650K, capacity 6904K, committed 7168K, reserved 1056768K
  class space    used 813K, capacity 916K, committed 1024K, reserved 1048576K
Event: 3.919 GC heap after
Heap after GC invocations=5 (full 0):
 PSYoungGen      total 70656K, used 5120K [0x00000000d6000000, 0x00000000df500000, 0x0000000100000000)
  eden space 65536K, 0% used [0x00000000d6000000,0x00000000d6000000,0x00000000da000000)
  from space 5120K, 100% used [0x00000000da000000,0x00000000da500000,0x00000000da500000)
  to   space 10752K, 0% used [0x00000000dea80000,0x00000000dea80000,0x00000000df500000)
 ParOldGen       total 86016K, used 44061K [0x0000000082000000, 0x0000000087400000, 0x00000000d6000000)
  object space 86016K, 51% used [0x0000000082000000,0x0000000084b076c8,0x0000000087400000)
 Metaspace       used 6650K, capacity 6904K, committed 7168K, reserved 1056768K
  class space    used 813K, capacity 916K, committed 1024K, reserved 1048576K
}
Event: 3.966 GC heap before
{Heap before GC invocations=6 (full 0):
 PSYoungGen      total 70656K, used 70656K [0x00000000d6000000, 0x00000000df500000, 0x0000000100000000)
  eden space 65536K, 100% used [0x00000000d6000000,0x00000000da000000,0x00000000da000000)
  from space 5120K, 100% used [0x00000000da000000,0x00000000da500000,0x00000000da500000)
  to   space 10752K, 0% used [0x00000000dea80000,0x00000000dea80000,0x00000000df500000)
 ParOldGen       total 86016K, used 44061K [0x0000000082000000, 0x0000000087400000, 0x00000000d6000000)
  object space 86016K, 51% used [0x0000000082000000,0x0000000084b076c8,0x0000000087400000)
 Metaspace       used 6663K, capacity 6972K, committed 7168K, reserved 1056768K
  class space    used 813K, capacity 916K, committed 1024K, reserved 1048576K
Event: 3.973 GC heap after
Heap after GC invocations=6 (full 0):
 PSYoungGen      total 141312K, used 8752K [0x00000000d6000000, 0x00000000df600000, 0x0000000100000000)
  eden space 130560K, 0% used [0x00000000d6000000,0x00000000d6000000,0x00000000ddf80000)
  from space 10752K, 81% used [0x00000000dea80000,0x00000000df30c010,0x00000000df500000)
  to   space 11264K, 0% used [0x00000000ddf80000,0x00000000ddf80000,0x00000000dea80000)
 ParOldGen       total 86016K, used 44069K [0x0000000082000000, 0x0000000087400000, 0x00000000d6000000)
  object space 86016K, 51% used [0x0000000082000000,0x0000000084b096c8,0x0000000087400000)
 Metaspace       used 6663K, capacity 6972K, committed 7168K, reserved 1056768K
  class space    used 813K, capacity 916K, committed 1024K, reserved 1048576K
}

